e:\visual studio 2013\projects\spider\spider\debug\spider.pch
e:\visual studio 2013\projects\spider\spider\debug\vc120.pdb
e:\visual studio 2013\projects\spider\spider\debug\vc120.idb
e:\visual studio 2013\projects\spider\spider\debug\stdafx.obj
e:\visual studio 2013\projects\spider\spider\debug\skychaserhttp.obj
e:\visual studio 2013\projects\spider\spider\debug\spider.obj
e:\visual studio 2013\projects\spider\spider\debug\spiderdlg.obj
e:\visual studio 2013\projects\spider\spider\debug\urlcode.obj
e:\visual studio 2013\projects\spider\debug\spider.ilk
e:\visual studio 2013\projects\spider\debug\spider.exe
e:\visual studio 2013\projects\spider\debug\spider.pdb
e:\visual studio 2013\projects\spider\spider\debug\spider.res
e:\visual studio 2013\projects\spider\debug\spider.lib
e:\visual studio 2013\projects\spider\debug\spider.exp
e:\visual studio 2013\projects\spider\spider\debug\spider.tlog\cl.command.1.tlog
e:\visual studio 2013\projects\spider\spider\debug\spider.tlog\cl.read.1.tlog
e:\visual studio 2013\projects\spider\spider\debug\spider.tlog\cl.write.1.tlog
e:\visual studio 2013\projects\spider\spider\debug\spider.tlog\link.command.1.tlog
e:\visual studio 2013\projects\spider\spider\debug\spider.tlog\link.read.1.tlog
e:\visual studio 2013\projects\spider\spider\debug\spider.tlog\link.write.1.tlog
e:\visual studio 2013\projects\spider\spider\debug\spider.tlog\rc.command.1.tlog
e:\visual studio 2013\projects\spider\spider\debug\spider.tlog\rc.read.1.tlog
e:\visual studio 2013\projects\spider\spider\debug\spider.tlog\rc.write.1.tlog
e:\visual studio 2013\projects\spider\spider\debug\spider.tlog\spider.write.1u.tlog
